2023-02-18 00:54:22.227 [info] Log level: Info
2023-02-18 00:54:22.227 [info] Validating found git in: "git"
2023-02-18 00:54:22.227 [info] Using git "2.30.2" from "git"
2023-02-18 00:54:22.227 [info] > git rev-parse --show-toplevel [41ms]
2023-02-18 00:54:22.227 [info] fatal: not a git repository (or any of the parent directories): .git
2023-02-18 00:54:22.227 [info] > git rev-parse --show-toplevel [38ms]
2023-02-18 00:54:22.227 [info] fatal: not a git repository (or any of the parent directories): .git
2023-02-18 00:54:22.227 [info] > git rev-parse --show-toplevel [6ms]
2023-02-18 00:54:22.227 [info] fatal: not a git repository (or any of the parent directories): .git
2023-02-18 00:54:22.227 [info] > git rev-parse --show-toplevel [9ms]
2023-02-18 00:54:22.227 [info] fatal: not a git repository (or any of the parent directories): .git
2023-02-18 00:54:22.227 [info] > git rev-parse --show-toplevel [6ms]
2023-02-18 00:54:22.227 [info] fatal: not a git repository (or any of the parent directories): .git
2023-02-18 00:54:22.227 [info] > git rev-parse --show-toplevel [11ms]
2023-02-18 00:54:22.227 [info] fatal: not a git repository (or any of the parent directories): .git
2023-02-18 00:54:22.227 [info] > git rev-parse --show-toplevel [9ms]
2023-02-18 00:54:22.227 [info] fatal: not a git repository (or any of the parent directories): .git
2023-02-18 00:54:22.227 [info] > git rev-parse --show-toplevel [64ms]
2023-02-18 00:54:22.227 [info] fatal: not a git repository (or any of the parent directories): .git
2023-02-18 00:54:22.227 [info] > git rev-parse --show-toplevel [18ms]
2023-02-18 00:54:22.227 [info] fatal: not a git repository (or any of the parent directories): .git
2023-02-18 00:54:22.227 [info] > git rev-parse --show-toplevel [52ms]
2023-02-18 00:54:22.227 [info] fatal: not a git repository (or any of the parent directories): .git
2023-02-18 00:54:22.227 [info] > git rev-parse --show-toplevel [267ms]
2023-02-18 00:54:22.227 [info] fatal: not a git repository (or any of the parent directories): .git
2023-02-18 00:54:22.227 [info] > git rev-parse --show-toplevel [461ms]
2023-02-18 00:54:22.227 [info] fatal: not a git repository (or any of the parent directories): .git
2023-02-18 00:54:22.227 [info] > git rev-parse --show-toplevel [59ms]
2023-02-18 00:54:22.227 [info] fatal: not a git repository (or any of the parent directories): .git
2023-02-18 00:54:22.895 [info] > git rev-parse --show-toplevel [17ms]
2023-02-18 00:54:22.895 [info] fatal: not a git repository (or any of the parent directories): .git
2023-02-18 00:54:23.495 [info] > git rev-parse --show-toplevel [2ms]
2023-02-18 00:54:23.495 [info] fatal: not a git repository (or any of the parent directories): .git
2023-02-18 00:54:24.283 [info] > git rev-parse --show-toplevel [37ms]
2023-02-18 00:54:24.283 [info] fatal: not a git repository (or any of the parent directories): .git
2023-02-18 01:00:08.384 [info] Log level: Info
2023-02-18 01:00:08.386 [info] Validating found git in: "git"
2023-02-18 01:00:08.386 [info] Using git "2.30.2" from "git"
2023-02-18 01:00:08.386 [info] > git rev-parse --show-toplevel [163ms]
2023-02-18 01:00:08.386 [info] fatal: not a git repository (or any of the parent directories): .git
2023-02-18 01:00:08.402 [info] > git rev-parse --show-toplevel [116ms]
2023-02-18 01:00:08.402 [info] fatal: not a git repository (or any of the parent directories): .git
2023-02-18 01:00:08.488 [info] > git rev-parse --show-toplevel [60ms]
2023-02-18 01:00:08.488 [info] fatal: not a git repository (or any of the parent directories): .git
2023-02-18 01:00:08.563 [info] > git rev-parse --show-toplevel [29ms]
2023-02-18 01:00:08.563 [info] fatal: not a git repository (or any of the parent directories): .git
2023-02-18 01:00:08.618 [info] > git rev-parse --show-toplevel [24ms]
2023-02-18 01:00:08.618 [info] fatal: not a git repository (or any of the parent directories): .git
2023-02-18 01:00:08.678 [info] > git rev-parse --show-toplevel [47ms]
2023-02-18 01:00:08.678 [info] fatal: not a git repository (or any of the parent directories): .git
2023-02-18 01:00:08.704 [info] > git rev-parse --show-toplevel [9ms]
2023-02-18 01:00:08.704 [info] fatal: not a git repository (or any of the parent directories): .git
2023-02-18 01:00:08.731 [info] > git rev-parse --show-toplevel [15ms]
2023-02-18 01:00:08.732 [info] fatal: not a git repository (or any of the parent directories): .git
2023-02-18 01:00:08.757 [info] > git rev-parse --show-toplevel [11ms]
2023-02-18 01:00:08.757 [info] fatal: not a git repository (or any of the parent directories): .git
2023-02-18 01:00:08.779 [info] > git rev-parse --show-toplevel [6ms]
2023-02-18 01:00:08.779 [info] fatal: not a git repository (or any of the parent directories): .git
2023-02-18 01:00:08.819 [info] > git rev-parse --show-toplevel [26ms]
2023-02-18 01:00:08.819 [info] fatal: not a git repository (or any of the parent directories): .git
2023-02-18 01:00:08.853 [info] > git rev-parse --show-toplevel [5ms]
2023-02-18 01:00:08.853 [info] fatal: not a git repository (or any of the parent directories): .git
2023-02-18 01:00:08.878 [info] > git rev-parse --show-toplevel [9ms]
2023-02-18 01:00:08.878 [info] fatal: not a git repository (or any of the parent directories): .git
2023-02-18 01:00:09.798 [info] > git rev-parse --show-toplevel [6ms]
2023-02-18 01:00:09.798 [info] fatal: not a git repository (or any of the parent directories): .git
2023-02-18 01:00:10.268 [info] > git rev-parse --show-toplevel [7ms]
2023-02-18 01:00:10.270 [info] fatal: not a git repository (or any of the parent directories): .git
2023-02-18 01:00:11.405 [info] > git rev-parse --show-toplevel [31ms]
2023-02-18 01:00:11.405 [info] fatal: not a git repository (or any of the parent directories): .git
