2023-02-17 18:19:26.092 [info] Added views:workbench.panel.markers.view in workbench.panel.markers
2023-02-17 18:19:26.093 [info] Added views:workbench.panel.output in workbench.panel.output
2023-02-17 18:19:26.093 [info] Added views:terminal in terminal
2023-02-17 18:19:26.093 [info] Added views:outline in workbench.view.explorer
2023-02-17 18:19:26.093 [info] Added views:workbench.scm in workbench.view.scm
2023-02-17 18:19:26.093 [info] Added views:workbench.view.search in workbench.view.search
2023-02-17 18:19:26.093 [info] Added views:timeline in workbench.view.explorer
2023-02-17 18:19:26.093 [info] Added views:workbench.explorer.fileView in workbench.view.explorer
2023-02-17 18:19:26.584 [info] Added views:workbench.debug.welcome in workbench.view.debug
2023-02-17 18:19:26.935 [info] Added views:blackbox-onboarding in workbench.view.extension.blackbox
2023-02-17 18:19:26.936 [info] Added views:cell-tag in workbench.view.extension.jupyter
2023-02-17 18:19:27.881 [info] Added views:workbench.panel.repl.view in workbench.panel.repl
2023-02-17 18:19:29.894 [info] Added views:workbench.view.testing in workbench.view.extension.test
2023-02-17 18:19:45.275 [info] Added views:workbench.views.extensions.installed,workbench.views.extensions.popular,extensions.recommendedList in workbench.view.extensions
2023-02-17 18:19:45.282 [info] Removed views:workbench.views.extensions.popular from workbench.view.extensions
2023-02-17 18:19:55.759 [info] Removed views:extensions.recommendedList,workbench.views.extensions.installed from workbench.view.extensions
2023-02-17 18:19:55.795 [info] Added views:workbench.views.extensions.marketplace in workbench.view.extensions
2023-02-17 18:20:13.509 [info] Added views:gitlens.views.home in workbench.view.extension.gitlens
2023-02-17 18:20:13.513 [info] Added views:gitlens.views.commits,gitlens.views.commitDetails,gitlens.views.fileHistory,gitlens.views.branches,gitlens.views.remotes,gitlens.views.stashes,gitlens.views.tags,gitlens.views.searchAndCompare in workbench.view.scm
2023-02-17 18:20:14.353 [info] Added views:gitlens.views.timeline in workbench.view.extension.gitlensPanel
2023-02-17 18:20:14.370 [info] Added views:gitlens.views.worktrees in workbench.view.scm
2023-02-17 18:20:14.746 [info] Removed views:gitlens.views.searchAndCompare,gitlens.views.worktrees,gitlens.views.tags,gitlens.views.stashes,gitlens.views.remotes,gitlens.views.branches,gitlens.views.fileHistory,gitlens.views.commitDetails,gitlens.views.commits from workbench.view.scm
2023-02-17 18:20:14.754 [info] Removed views:gitlens.views.timeline from workbench.view.extension.gitlensPanel
2023-02-17 18:41:43.589 [info] Removed views:workbench.view.testing from workbench.view.extension.test
