2023-02-18 00:54:17.999 [info] Extension host with pid 2878 started
2023-02-18 00:54:17.999 [info] Skipping acquiring lock for /home/jane/.config/Code/User/workspaceStorage/39b467dbfd7a73d83c9d7360c2338bba.
2023-02-18 00:54:18.350 [info] ExtensionService#_doActivateExtension vscode.emmet, startup: false, activationEvent: 'onLanguage'
2023-02-18 00:54:18.364 [info] ExtensionService#_doActivateExtension ms-python.python, startup: false, activationEvent: 'onLanguage:python', root cause: ms-python.isort
2023-02-18 00:54:18.536 [info] ExtensionService#_doActivateExtension ms-toolsai.jupyter, startup: false, activationEvent: 'onLanguage:python'
2023-02-18 00:54:18.692 [info] ExtensionService#_doActivateExtension vscode.git-base, startup: true, activationEvent: '*', root cause: vscode.git
2023-02-18 00:54:18.699 [info] ExtensionService#_doActivateExtension Blackboxapp.blackbox, startup: true, activationEvent: '*'
2023-02-18 00:54:18.865 [info] ExtensionService#_doActivateExtension ecmel.vscode-html-css, startup: true, activationEvent: '*'
2023-02-18 00:54:19.980 [info] ExtensionService#_doActivateExtension ms-toolsai.jupyter-renderers, startup: false, activationEvent: 'api', root cause: ms-toolsai.jupyter
2023-02-18 00:54:19.986 [info] ExtensionService#_doActivateExtension vscode.git, startup: true, activationEvent: '*'
2023-02-18 00:54:20.029 [info] ExtensionService#_doActivateExtension vscode.github, startup: true, activationEvent: '*'
2023-02-18 00:54:20.127 [info] ExtensionService#_doActivateExtension ms-python.isort, startup: false, activationEvent: 'onLanguage:python'
2023-02-18 00:54:20.148 [info] ExtensionService#_doActivateExtension ms-python.vscode-pylance, startup: false, activationEvent: 'onLanguage:python'
2023-02-18 00:54:20.504 [info] Eager extensions activated
2023-02-18 00:54:20.963 [info] ExtensionService#_doActivateExtension vscode.debug-auto-launch, startup: false, activationEvent: 'onStartupFinished'
2023-02-18 00:54:20.970 [info] ExtensionService#_doActivateExtension vscode.merge-conflict, startup: false, activationEvent: 'onStartupFinished'
2023-02-18 00:54:21.019 [info] ExtensionService#_doActivateExtension eamodio.gitlens, startup: false, activationEvent: 'onStartupFinished'
2023-02-18 00:54:23.878 [info] ExtensionService#_doActivateExtension vscode.github-authentication, startup: false, activationEvent: 'onAuthenticationRequest:github'
2023-02-18 00:54:24.392 [info] ExtensionService#_doActivateExtension vscode.microsoft-authentication, startup: false, activationEvent: 'onAuthenticationRequest:microsoft'
2023-02-18 00:58:34.407 [info] ExtensionService#_doActivateExtension vscode.simple-browser, startup: false, activationEvent: 'onOpenExternalUri:https'
2023-02-18 01:00:03.497 [info] Extension host terminating: renderer closed the MessagePort
2023-02-18 01:00:03.565 [error] Canceled: Canceled
	at new u (/usr/share/code/resources/app/out/vs/workbench/api/node/extensionHostProcess.js:96:88070)
	at l.O (/usr/share/code/resources/app/out/vs/workbench/api/node/extensionHostProcess.js:106:11276)
	at V.<computed>.M.charCodeAt.V.<computed> (/usr/share/code/resources/app/out/vs/workbench/api/node/extensionHostProcess.js:106:8557)
	at s.g (/usr/share/code/resources/app/out/vs/workbench/api/node/extensionHostProcess.js:96:107430)
	at s.executeCommand (/usr/share/code/resources/app/out/vs/workbench/api/node/extensionHostProcess.js:96:106806)
	at w.registerCommand.description (/usr/share/code/resources/app/out/vs/workbench/api/node/extensionHostProcess.js:96:106099)
	at s.h (/usr/share/code/resources/app/out/vs/workbench/api/node/extensionHostProcess.js:96:108016)
	at s.g (/usr/share/code/resources/app/out/vs/workbench/api/node/extensionHostProcess.js:96:106906)
	at s.executeCommand (/usr/share/code/resources/app/out/vs/workbench/api/node/extensionHostProcess.js:96:106806)
	at Object.executeCommand (/usr/share/code/resources/app/out/vs/workbench/api/node/extensionHostProcess.js:117:30778)
	at setContext (/home/jane/.vscode/extensions/eamodio.gitlens-13.2.0/dist/gitlens.js:205:24554)
	at y._updateContextKeys (/home/jane/.vscode/extensions/eamodio.gitlens-13.2.0/dist/gitlens.js:6:6166)
	at onChanged (/home/jane/.vscode/extensions/eamodio.gitlens-13.2.0/dist/gitlens.js:6:4600)
	at x.unregister (/home/jane/.vscode/extensions/eamodio.gitlens-13.2.0/dist/gitlens.js:6:4737)
	at x.dispose (/home/jane/.vscode/extensions/eamodio.gitlens-13.2.0/dist/gitlens.js:6:3462)
	at y.dispose (/home/jane/.vscode/extensions/eamodio.gitlens-13.2.0/dist/gitlens.js:6:4287)
	at T (/usr/share/code/resources/app/out/vs/workbench/api/node/extensionHostProcess.js:10:12072)
	at f.X (/usr/share/code/resources/app/out/vs/workbench/api/node/extensionHostProcess.js:108:11242)
	at /usr/share/code/resources/app/out/vs/workbench/api/node/extensionHostProcess.js:108:9037
	at Array.map (<anonymous>)
	at f.Q (/usr/share/code/resources/app/out/vs/workbench/api/node/extensionHostProcess.js:108:9024)
	at f.terminate (/usr/share/code/resources/app/out/vs/workbench/api/node/extensionHostProcess.js:108:9298)
	at h.terminate (/usr/share/code/resources/app/out/vs/workbench/api/node/extensionHostProcess.js:112:1397)
	at p (/usr/share/code/resources/app/out/vs/workbench/api/node/extensionHostProcess.js:122:17851)
	at MessagePortMain.<anonymous> (/usr/share/code/resources/app/out/vs/workbench/api/node/extensionHostProcess.js:122:13990)
	at MessagePortMain.emit (node:events:526:28)
	at MessagePortMain._internalPort.emit (node:electron/js2c/utility_init:5:364) setContext undefined
2023-02-18 01:00:03.566 [error] Canceled: Canceled
	at new u (/usr/share/code/resources/app/out/vs/workbench/api/node/extensionHostProcess.js:96:88070)
	at l.O (/usr/share/code/resources/app/out/vs/workbench/api/node/extensionHostProcess.js:106:11276)
	at V.<computed>.M.charCodeAt.V.<computed> (/usr/share/code/resources/app/out/vs/workbench/api/node/extensionHostProcess.js:106:8557)
	at s.g (/usr/share/code/resources/app/out/vs/workbench/api/node/extensionHostProcess.js:96:107430)
	at s.executeCommand (/usr/share/code/resources/app/out/vs/workbench/api/node/extensionHostProcess.js:96:106806)
	at w.registerCommand.description (/usr/share/code/resources/app/out/vs/workbench/api/node/extensionHostProcess.js:96:106099)
	at s.h (/usr/share/code/resources/app/out/vs/workbench/api/node/extensionHostProcess.js:96:108016)
	at s.g (/usr/share/code/resources/app/out/vs/workbench/api/node/extensionHostProcess.js:96:106906)
	at s.executeCommand (/usr/share/code/resources/app/out/vs/workbench/api/node/extensionHostProcess.js:96:106806)
	at Object.executeCommand (/usr/share/code/resources/app/out/vs/workbench/api/node/extensionHostProcess.js:117:30778)
	at setContext (/home/jane/.vscode/extensions/eamodio.gitlens-13.2.0/dist/gitlens.js:205:24554)
	at y._updateContextKeys (/home/jane/.vscode/extensions/eamodio.gitlens-13.2.0/dist/gitlens.js:6:6166)
	at onChanged (/home/jane/.vscode/extensions/eamodio.gitlens-13.2.0/dist/gitlens.js:6:4600)
	at x.unregister (/home/jane/.vscode/extensions/eamodio.gitlens-13.2.0/dist/gitlens.js:6:4737)
	at x.dispose (/home/jane/.vscode/extensions/eamodio.gitlens-13.2.0/dist/gitlens.js:6:3462)
	at y.dispose (/home/jane/.vscode/extensions/eamodio.gitlens-13.2.0/dist/gitlens.js:6:4287)
	at T (/usr/share/code/resources/app/out/vs/workbench/api/node/extensionHostProcess.js:10:12072)
	at f.X (/usr/share/code/resources/app/out/vs/workbench/api/node/extensionHostProcess.js:108:11242)
	at /usr/share/code/resources/app/out/vs/workbench/api/node/extensionHostProcess.js:108:9037
	at Array.map (<anonymous>)
	at f.Q (/usr/share/code/resources/app/out/vs/workbench/api/node/extensionHostProcess.js:108:9024)
	at f.terminate (/usr/share/code/resources/app/out/vs/workbench/api/node/extensionHostProcess.js:108:9298)
	at h.terminate (/usr/share/code/resources/app/out/vs/workbench/api/node/extensionHostProcess.js:112:1397)
	at p (/usr/share/code/resources/app/out/vs/workbench/api/node/extensionHostProcess.js:122:17851)
	at MessagePortMain.<anonymous> (/usr/share/code/resources/app/out/vs/workbench/api/node/extensionHostProcess.js:122:13990)
	at MessagePortMain.emit (node:events:526:28)
	at MessagePortMain._internalPort.emit (node:electron/js2c/utility_init:5:364) setContext undefined
2023-02-18 01:00:03.567 [error] Canceled: Canceled
	at new u (/usr/share/code/resources/app/out/vs/workbench/api/node/extensionHostProcess.js:96:88070)
	at l.O (/usr/share/code/resources/app/out/vs/workbench/api/node/extensionHostProcess.js:106:11276)
	at V.<computed>.M.charCodeAt.V.<computed> (/usr/share/code/resources/app/out/vs/workbench/api/node/extensionHostProcess.js:106:8557)
	at s.g (/usr/share/code/resources/app/out/vs/workbench/api/node/extensionHostProcess.js:96:107430)
	at s.executeCommand (/usr/share/code/resources/app/out/vs/workbench/api/node/extensionHostProcess.js:96:106806)
	at w.registerCommand.description (/usr/share/code/resources/app/out/vs/workbench/api/node/extensionHostProcess.js:96:106099)
	at s.h (/usr/share/code/resources/app/out/vs/workbench/api/node/extensionHostProcess.js:96:108016)
	at s.g (/usr/share/code/resources/app/out/vs/workbench/api/node/extensionHostProcess.js:96:106906)
	at s.executeCommand (/usr/share/code/resources/app/out/vs/workbench/api/node/extensionHostProcess.js:96:106806)
	at Object.executeCommand (/usr/share/code/resources/app/out/vs/workbench/api/node/extensionHostProcess.js:117:30778)
	at setContext (/home/jane/.vscode/extensions/eamodio.gitlens-13.2.0/dist/gitlens.js:205:24554)
	at y._updateContextKeys (/home/jane/.vscode/extensions/eamodio.gitlens-13.2.0/dist/gitlens.js:6:6166)
	at onChanged (/home/jane/.vscode/extensions/eamodio.gitlens-13.2.0/dist/gitlens.js:6:4600)
	at x.unregister (/home/jane/.vscode/extensions/eamodio.gitlens-13.2.0/dist/gitlens.js:6:4737)
	at x.dispose (/home/jane/.vscode/extensions/eamodio.gitlens-13.2.0/dist/gitlens.js:6:3462)
	at y.dispose (/home/jane/.vscode/extensions/eamodio.gitlens-13.2.0/dist/gitlens.js:6:4287)
	at T (/usr/share/code/resources/app/out/vs/workbench/api/node/extensionHostProcess.js:10:12072)
	at f.X (/usr/share/code/resources/app/out/vs/workbench/api/node/extensionHostProcess.js:108:11242)
	at /usr/share/code/resources/app/out/vs/workbench/api/node/extensionHostProcess.js:108:9037
	at Array.map (<anonymous>)
	at f.Q (/usr/share/code/resources/app/out/vs/workbench/api/node/extensionHostProcess.js:108:9024)
	at f.terminate (/usr/share/code/resources/app/out/vs/workbench/api/node/extensionHostProcess.js:108:9298)
	at h.terminate (/usr/share/code/resources/app/out/vs/workbench/api/node/extensionHostProcess.js:112:1397)
	at p (/usr/share/code/resources/app/out/vs/workbench/api/node/extensionHostProcess.js:122:17851)
	at MessagePortMain.<anonymous> (/usr/share/code/resources/app/out/vs/workbench/api/node/extensionHostProcess.js:122:13990)
	at MessagePortMain.emit (node:events:526:28)
	at MessagePortMain._internalPort.emit (node:electron/js2c/utility_init:5:364) setContext undefined
2023-02-18 01:00:03.567 [error] Canceled: Canceled
	at new u (/usr/share/code/resources/app/out/vs/workbench/api/node/extensionHostProcess.js:96:88070)
	at l.O (/usr/share/code/resources/app/out/vs/workbench/api/node/extensionHostProcess.js:106:11276)
	at V.<computed>.M.charCodeAt.V.<computed> (/usr/share/code/resources/app/out/vs/workbench/api/node/extensionHostProcess.js:106:8557)
	at s.g (/usr/share/code/resources/app/out/vs/workbench/api/node/extensionHostProcess.js:96:107430)
	at s.executeCommand (/usr/share/code/resources/app/out/vs/workbench/api/node/extensionHostProcess.js:96:106806)
	at w.registerCommand.description (/usr/share/code/resources/app/out/vs/workbench/api/node/extensionHostProcess.js:96:106099)
	at s.h (/usr/share/code/resources/app/out/vs/workbench/api/node/extensionHostProcess.js:96:108016)
	at s.g (/usr/share/code/resources/app/out/vs/workbench/api/node/extensionHostProcess.js:96:106906)
	at s.executeCommand (/usr/share/code/resources/app/out/vs/workbench/api/node/extensionHostProcess.js:96:106806)
	at Object.executeCommand (/usr/share/code/resources/app/out/vs/workbench/api/node/extensionHostProcess.js:117:30778)
	at setContext (/home/jane/.vscode/extensions/eamodio.gitlens-13.2.0/dist/gitlens.js:205:24554)
	at y._updateContextKeys (/home/jane/.vscode/extensions/eamodio.gitlens-13.2.0/dist/gitlens.js:6:6166)
	at onChanged (/home/jane/.vscode/extensions/eamodio.gitlens-13.2.0/dist/gitlens.js:6:4600)
	at x.unregister (/home/jane/.vscode/extensions/eamodio.gitlens-13.2.0/dist/gitlens.js:6:4737)
	at x.dispose (/home/jane/.vscode/extensions/eamodio.gitlens-13.2.0/dist/gitlens.js:6:3462)
	at Object.dispose (/home/jane/.vscode/extensions/eamodio.gitlens-13.2.0/dist/gitlens.js:6:4836)
	at T (/usr/share/code/resources/app/out/vs/workbench/api/node/extensionHostProcess.js:10:12072)
	at f.X (/usr/share/code/resources/app/out/vs/workbench/api/node/extensionHostProcess.js:108:11242)
	at /usr/share/code/resources/app/out/vs/workbench/api/node/extensionHostProcess.js:108:9037
	at Array.map (<anonymous>)
	at f.Q (/usr/share/code/resources/app/out/vs/workbench/api/node/extensionHostProcess.js:108:9024)
	at f.terminate (/usr/share/code/resources/app/out/vs/workbench/api/node/extensionHostProcess.js:108:9298)
	at h.terminate (/usr/share/code/resources/app/out/vs/workbench/api/node/extensionHostProcess.js:112:1397)
	at p (/usr/share/code/resources/app/out/vs/workbench/api/node/extensionHostProcess.js:122:17851)
	at MessagePortMain.<anonymous> (/usr/share/code/resources/app/out/vs/workbench/api/node/extensionHostProcess.js:122:13990)
	at MessagePortMain.emit (node:events:526:28)
	at MessagePortMain._internalPort.emit (node:electron/js2c/utility_init:5:364) setContext undefined
2023-02-18 01:00:03.567 [error] Canceled: Canceled
	at new u (/usr/share/code/resources/app/out/vs/workbench/api/node/extensionHostProcess.js:96:88070)
	at l.O (/usr/share/code/resources/app/out/vs/workbench/api/node/extensionHostProcess.js:106:11276)
	at V.<computed>.M.charCodeAt.V.<computed> (/usr/share/code/resources/app/out/vs/workbench/api/node/extensionHostProcess.js:106:8557)
	at s.g (/usr/share/code/resources/app/out/vs/workbench/api/node/extensionHostProcess.js:96:107430)
	at s.executeCommand (/usr/share/code/resources/app/out/vs/workbench/api/node/extensionHostProcess.js:96:106806)
	at w.registerCommand.description (/usr/share/code/resources/app/out/vs/workbench/api/node/extensionHostProcess.js:96:106099)
	at s.h (/usr/share/code/resources/app/out/vs/workbench/api/node/extensionHostProcess.js:96:108016)
	at s.g (/usr/share/code/resources/app/out/vs/workbench/api/node/extensionHostProcess.js:96:106906)
	at s.executeCommand (/usr/share/code/resources/app/out/vs/workbench/api/node/extensionHostProcess.js:96:106806)
	at Object.executeCommand (/usr/share/code/resources/app/out/vs/workbench/api/node/extensionHostProcess.js:117:30778)
	at setContext (/home/jane/.vscode/extensions/eamodio.gitlens-13.2.0/dist/gitlens.js:205:24554)
	at y._updateContextKeys (/home/jane/.vscode/extensions/eamodio.gitlens-13.2.0/dist/gitlens.js:6:6166)
	at onChanged (/home/jane/.vscode/extensions/eamodio.gitlens-13.2.0/dist/gitlens.js:6:4600)
	at x.unregister (/home/jane/.vscode/extensions/eamodio.gitlens-13.2.0/dist/gitlens.js:6:4737)
	at x.dispose (/home/jane/.vscode/extensions/eamodio.gitlens-13.2.0/dist/gitlens.js:6:3462)
	at Object.dispose (/home/jane/.vscode/extensions/eamodio.gitlens-13.2.0/dist/gitlens.js:6:4836)
	at T (/usr/share/code/resources/app/out/vs/workbench/api/node/extensionHostProcess.js:10:12072)
	at f.X (/usr/share/code/resources/app/out/vs/workbench/api/node/extensionHostProcess.js:108:11242)
	at /usr/share/code/resources/app/out/vs/workbench/api/node/extensionHostProcess.js:108:9037
	at Array.map (<anonymous>)
	at f.Q (/usr/share/code/resources/app/out/vs/workbench/api/node/extensionHostProcess.js:108:9024)
	at f.terminate (/usr/share/code/resources/app/out/vs/workbench/api/node/extensionHostProcess.js:108:9298)
	at h.terminate (/usr/share/code/resources/app/out/vs/workbench/api/node/extensionHostProcess.js:112:1397)
	at p (/usr/share/code/resources/app/out/vs/workbench/api/node/extensionHostProcess.js:122:17851)
	at MessagePortMain.<anonymous> (/usr/share/code/resources/app/out/vs/workbench/api/node/extensionHostProcess.js:122:13990)
	at MessagePortMain.emit (node:events:526:28)
	at MessagePortMain._internalPort.emit (node:electron/js2c/utility_init:5:364) setContext undefined
2023-02-18 01:00:03.568 [error] Canceled: Canceled
	at new u (/usr/share/code/resources/app/out/vs/workbench/api/node/extensionHostProcess.js:96:88070)
	at l.O (/usr/share/code/resources/app/out/vs/workbench/api/node/extensionHostProcess.js:106:11276)
	at V.<computed>.M.charCodeAt.V.<computed> (/usr/share/code/resources/app/out/vs/workbench/api/node/extensionHostProcess.js:106:8557)
	at s.g (/usr/share/code/resources/app/out/vs/workbench/api/node/extensionHostProcess.js:96:107430)
	at s.executeCommand (/usr/share/code/resources/app/out/vs/workbench/api/node/extensionHostProcess.js:96:106806)
	at w.registerCommand.description (/usr/share/code/resources/app/out/vs/workbench/api/node/extensionHostProcess.js:96:106099)
	at s.h (/usr/share/code/resources/app/out/vs/workbench/api/node/extensionHostProcess.js:96:108016)
	at s.g (/usr/share/code/resources/app/out/vs/workbench/api/node/extensionHostProcess.js:96:106906)
	at s.executeCommand (/usr/share/code/resources/app/out/vs/workbench/api/node/extensionHostProcess.js:96:106806)
	at Object.executeCommand (/usr/share/code/resources/app/out/vs/workbench/api/node/extensionHostProcess.js:117:30778)
	at setContext (/home/jane/.vscode/extensions/eamodio.gitlens-13.2.0/dist/gitlens.js:205:24554)
	at y._updateContextKeys (/home/jane/.vscode/extensions/eamodio.gitlens-13.2.0/dist/gitlens.js:6:6166)
	at onChanged (/home/jane/.vscode/extensions/eamodio.gitlens-13.2.0/dist/gitlens.js:6:4600)
	at x.unregister (/home/jane/.vscode/extensions/eamodio.gitlens-13.2.0/dist/gitlens.js:6:4737)
	at x.dispose (/home/jane/.vscode/extensions/eamodio.gitlens-13.2.0/dist/gitlens.js:6:3462)
	at Object.dispose (/home/jane/.vscode/extensions/eamodio.gitlens-13.2.0/dist/gitlens.js:6:4836)
	at T (/usr/share/code/resources/app/out/vs/workbench/api/node/extensionHostProcess.js:10:12072)
	at f.X (/usr/share/code/resources/app/out/vs/workbench/api/node/extensionHostProcess.js:108:11242)
	at /usr/share/code/resources/app/out/vs/workbench/api/node/extensionHostProcess.js:108:9037
	at Array.map (<anonymous>)
	at f.Q (/usr/share/code/resources/app/out/vs/workbench/api/node/extensionHostProcess.js:108:9024)
	at f.terminate (/usr/share/code/resources/app/out/vs/workbench/api/node/extensionHostProcess.js:108:9298)
	at h.terminate (/usr/share/code/resources/app/out/vs/workbench/api/node/extensionHostProcess.js:112:1397)
	at p (/usr/share/code/resources/app/out/vs/workbench/api/node/extensionHostProcess.js:122:17851)
	at MessagePortMain.<anonymous> (/usr/share/code/resources/app/out/vs/workbench/api/node/extensionHostProcess.js:122:13990)
	at MessagePortMain.emit (node:events:526:28)
	at MessagePortMain._internalPort.emit (node:electron/js2c/utility_init:5:364) setContext undefined
2023-02-18 01:00:03.583 [info] Extension host with pid 2878 exiting with code 0
2023-02-18 01:00:05.908 [info] Extension host with pid 3424 started
2023-02-18 01:00:05.908 [info] Skipping acquiring lock for /home/jane/.config/Code/User/workspaceStorage/39b467dbfd7a73d83c9d7360c2338bba.
2023-02-18 01:00:06.249 [info] ExtensionService#_doActivateExtension vscode.emmet, startup: false, activationEvent: 'onLanguage'
2023-02-18 01:00:06.262 [info] ExtensionService#_doActivateExtension ms-python.python, startup: false, activationEvent: 'onLanguage:python', root cause: ms-python.isort
2023-02-18 01:00:06.386 [info] ExtensionService#_doActivateExtension ms-toolsai.jupyter, startup: false, activationEvent: 'onLanguage:python'
2023-02-18 01:00:06.530 [info] ExtensionService#_doActivateExtension vscode.git-base, startup: true, activationEvent: '*', root cause: vscode.git
2023-02-18 01:00:06.534 [info] ExtensionService#_doActivateExtension Blackboxapp.blackbox, startup: true, activationEvent: '*'
2023-02-18 01:00:06.671 [info] ExtensionService#_doActivateExtension ecmel.vscode-html-css, startup: true, activationEvent: '*'
2023-02-18 01:00:07.706 [info] ExtensionService#_doActivateExtension ms-toolsai.jupyter-renderers, startup: false, activationEvent: 'api', root cause: ms-toolsai.jupyter
2023-02-18 01:00:07.722 [info] ExtensionService#_doActivateExtension vscode.git, startup: true, activationEvent: '*'
2023-02-18 01:00:07.777 [info] ExtensionService#_doActivateExtension vscode.github, startup: true, activationEvent: '*'
2023-02-18 01:00:07.818 [info] ExtensionService#_doActivateExtension ms-python.isort, startup: false, activationEvent: 'onLanguage:python'
2023-02-18 01:00:07.840 [info] ExtensionService#_doActivateExtension ms-python.vscode-pylance, startup: false, activationEvent: 'onLanguage:python'
2023-02-18 01:00:08.108 [info] Eager extensions activated
2023-02-18 01:00:08.331 [info] ExtensionService#_doActivateExtension vscode.debug-auto-launch, startup: false, activationEvent: 'onStartupFinished'
2023-02-18 01:00:08.337 [info] ExtensionService#_doActivateExtension vscode.merge-conflict, startup: false, activationEvent: 'onStartupFinished'
2023-02-18 01:00:10.568 [info] ExtensionService#_doActivateExtension vscode.github-authentication, startup: false, activationEvent: 'onAuthenticationRequest:github'
2023-02-18 01:00:11.082 [info] ExtensionService#_doActivateExtension vscode.microsoft-authentication, startup: false, activationEvent: 'onAuthenticationRequest:microsoft'
2023-02-18 01:01:43.911 [info] Extension host terminating: renderer closed the MessagePort
2023-02-18 01:01:43.954 [info] Extension host with pid 3424 exiting with code 0
