[Info  - 10:46:48 PM] (2350) Pylance language server 2023.2.30 (pyright dec6aa20) starting
[Info  - 10:46:48 PM] (2350) Server root directory: /home/jane/.vscode/extensions/ms-python.vscode-pylance-2023.2.30/dist
[Info  - 10:46:48 PM] (2350) Starting service instance "jane"
[Info  - 10:46:48 PM] (2350) Starting service instance "<default>"
[Info  - 10:46:48 PM] (2350) No pyproject.toml file found.
[Info  - 10:46:48 PM] (2350) Setting pythonPath for service "<default>": "/bin/python3"
[Warn  - 10:46:48 PM] (2350) stubPath typings is not a valid directory.
[Info  - 10:46:48 PM] (2350) Assuming Python version 3.9
[Info  - 10:46:48 PM] (2350) Assuming Python platform Linux
[Info  - 10:46:48 PM] (2350) Searching for source files
[Info  - 10:46:48 PM] (2350) No source files found.
[Info  - 10:46:48 PM] (2350) No configuration file found.
[Info  - 10:46:48 PM] (2350) No pyproject.toml file found.
[Info  - 10:46:48 PM] (2350) Setting pythonPath for service "jane": "/bin/python3"
[Warn  - 10:46:48 PM] (2350) stubPath /home/jane/typings is not a valid directory.
[Info  - 10:46:48 PM] (2350) Assuming Python version 3.9
[Info  - 10:46:48 PM] (2350) Assuming Python platform Linux
[Info  - 10:46:49 PM] (2350) Searching for source files
[Info  - 10:46:49 PM] (2350) Found 1 source file
[Info  - 10:46:49 PM] (2350) No pyproject.toml file found.
[Info  - 10:46:49 PM] (2350) Setting pythonPath for service "<default>": "/bin/python3"
[Warn  - 10:46:49 PM] (2350) stubPath typings is not a valid directory.
[Info  - 10:46:49 PM] (2350) Assuming Python version 3.9
[Info  - 10:46:49 PM] (2350) Assuming Python platform Linux
[Info  - 10:46:49 PM] (2350) Searching for source files
[Info  - 10:46:49 PM] (2350) No source files found.
[Info  - 10:46:50 PM] (2350) Background analysis(1) root directory: /home/jane/.vscode/extensions/ms-python.vscode-pylance-2023.2.30/dist
[Info  - 10:46:50 PM] (2350) Background analysis(1) started
[Info  - 10:46:50 PM] (2350) Background analysis(2) root directory: /home/jane/.vscode/extensions/ms-python.vscode-pylance-2023.2.30/dist
[Info  - 10:46:50 PM] (2350) Background analysis(2) started
[Info  - 10:46:50 PM] (2350) Indexer background runner(3) root directory: /home/jane/.vscode/extensions/ms-python.vscode-pylance-2023.2.30/dist (index)
[Info  - 10:46:50 PM] (2350) Indexing(3) started
[Info  - 10:46:52 PM] (2350) scanned(3) 89 files over 1 exec env
[Info  - 10:46:54 PM] (2350) indexed(3) 59 files over 1 exec env
[Info  - 10:46:54 PM] (2350) Indexing finished(3).
[Info  - 10:47:14 PM] (2350) Starting service instance "/home/jane/python with jose .ipynb"
[Info  - 10:47:14 PM] (2350) No configuration file found.
[Info  - 10:47:14 PM] (2350) No pyproject.toml file found.
[Info  - 10:47:14 PM] (2350) Setting pythonPath for service "/home/jane/python with jose .ipynb": "/bin/python3"
[Warn  - 10:47:14 PM] (2350) stubPath /home/jane/typings is not a valid directory.
[Info  - 10:47:14 PM] (2350) Assuming Python version 3.9
[Info  - 10:47:14 PM] (2350) Assuming Python platform Linux
[Info  - 10:47:14 PM] (2350) Searching for source files
[Info  - 10:47:14 PM] (2350) No source files found.
[Info  - 10:47:15 PM] (2350) Background analysis(4) root directory: /home/jane/.vscode/extensions/ms-python.vscode-pylance-2023.2.30/dist
[Info  - 10:47:15 PM] (2350) Background analysis(4) started
[Info  - 10:47:16 PM] (2350) Indexer background runner(5) root directory: /home/jane/.vscode/extensions/ms-python.vscode-pylance-2023.2.30/dist (index)
[Info  - 10:47:16 PM] (2350) Indexing(5) started
[Info  - 10:47:17 PM] (2350) scanned(5) 89 files over 1 exec env
[Info  - 10:47:17 PM] (2350) indexed(5) 0 files over 1 exec env
[Info  - 10:47:17 PM] (2350) Indexing finished(5).
