2023-02-19 15:05:08.082 [info] Log level: Info
2023-02-19 15:05:08.082 [info] Validating found git in: "git"
2023-02-19 15:05:08.082 [info] Using git "2.30.2" from "git"
2023-02-19 15:05:08.082 [info] > git rev-parse --show-toplevel [72ms]
2023-02-19 15:05:08.116 [info] > git rev-parse --git-dir --git-common-dir [190ms]
2023-02-19 15:05:08.150 [info] Open repository: /home/jane
2023-02-19 15:05:08.261 [info] > git rev-parse --show-toplevel [86ms]
2023-02-19 15:05:08.291 [info] > git config --get commit.template [29ms]
2023-02-19 15:05:08.292 [info] > git rev-parse --show-toplevel [8ms]
2023-02-19 15:05:08.349 [info] > git rev-parse --show-toplevel [28ms]
2023-02-19 15:05:08.369 [info] > git for-each-ref --format=%(refname)%00%(upstream:short)%00%(objectname)%00%(upstream:track)%00%(upstream:remotename)%00%(upstream:remoteref) refs/heads/master refs/remotes/master [23ms]
2023-02-19 15:05:08.420 [info] > git rev-parse --show-toplevel [56ms]
2023-02-19 15:05:08.641 [info] > git rev-parse --show-toplevel [211ms]
2023-02-19 15:05:08.976 [info] > git for-each-ref --sort -committerdate --format %(refname) %(objectname) %(*objectname) [578ms]
2023-02-19 15:05:09.014 [info] > git rev-parse --show-toplevel [322ms]
2023-02-19 15:05:09.160 [info] > git rev-parse --show-toplevel [116ms]
2023-02-19 15:05:09.214 [info] > git rev-parse --show-toplevel [35ms]
2023-02-19 15:05:09.266 [info] > git check-ignore -v -z --stdin [121ms]
2023-02-19 15:05:09.277 [info] > git rev-parse --show-toplevel [37ms]
2023-02-19 15:05:09.317 [info] > git rev-parse --show-toplevel [30ms]
2023-02-19 15:05:09.415 [info] > git rev-parse --show-toplevel [9ms]
2023-02-19 15:05:09.513 [info] > git rev-parse --git-dir --git-common-dir [27ms]
2023-02-19 15:05:09.546 [info] Open repository: /home/jane/folly
2023-02-19 15:05:09.569 [info] > git rev-parse --show-toplevel [10ms]
2023-02-19 15:05:09.595 [info] > git config --get commit.template [28ms]
2023-02-19 15:05:09.615 [info] > git rev-parse --show-toplevel [23ms]
2023-02-19 15:05:09.669 [info] > git show --textconv :w3c/index.html [40ms]
2023-02-19 15:05:09.670 [info] > git for-each-ref --format=%(refname)%00%(upstream:short)%00%(objectname)%00%(upstream:track)%00%(upstream:remotename)%00%(upstream:remoteref) refs/heads/main refs/remotes/main [56ms]
2023-02-19 15:05:09.726 [info] > git for-each-ref --sort -committerdate --format %(refname) %(objectname) %(*objectname) [15ms]
2023-02-19 15:05:09.727 [info] > git ls-files --stage -- /home/jane/w3c/index.html [82ms]
2023-02-19 15:05:09.740 [info] > git status -z -uall [49ms]
2023-02-19 15:05:09.817 [info] > git cat-file -s 1d61be6abc484219c6770fee5642fb75a35288ba [82ms]
2023-02-19 15:05:09.822 [info] > git status -z -uall [1445ms] (cancelled)
2023-02-19 15:05:09.823 [info] > git config --get commit.template [47ms]
2023-02-19 15:05:09.839 [info] > git for-each-ref --format=%(refname)%00%(upstream:short)%00%(objectname)%00%(upstream:track)%00%(upstream:remotename)%00%(upstream:remoteref) refs/heads/main refs/remotes/main [5ms]
2023-02-19 15:05:09.856 [info] > git for-each-ref --sort -committerdate --format %(refname) %(objectname) %(*objectname) [3ms]
2023-02-19 15:05:09.868 [info] > git status -z -uall [22ms]
2023-02-19 15:05:10.581 [info] > git check-ignore -v -z --stdin [21ms]
2023-02-19 15:05:13.246 [info] > git show --textconv :w3c/bluestyle.css [124ms]
2023-02-19 15:05:13.322 [info] > git ls-files --stage -- /home/jane/w3c/bluestyle.css [121ms]
2023-02-19 15:05:13.478 [info] > git cat-file -s 2fa5ecaf4a410793769449df1b5b8fd81c17be28 [112ms]
2023-02-19 15:05:25.879 [info] > git config --get commit.template [11ms]
2023-02-19 15:05:25.927 [info] > git for-each-ref --format=%(refname)%00%(upstream:short)%00%(objectname)%00%(upstream:track)%00%(upstream:remotename)%00%(upstream:remoteref) refs/heads/master refs/remotes/master [2ms]
2023-02-19 15:05:26.060 [info] > git for-each-ref --sort -committerdate --format %(refname) %(objectname) %(*objectname) [73ms]
2023-02-19 15:05:28.229 [info] > git status -z -uall [2287ms] (cancelled)
2023-02-19 15:07:22.598 [info] > git ls-files --stage -- /home/jane/w3c/index.html [10ms]
2023-02-19 15:07:22.606 [info] > git ls-files --stage -- /home/jane/w3c/bluestyle.css [10ms]
2023-02-19 15:07:22.613 [info] > git cat-file -s 1d61be6abc484219c6770fee5642fb75a35288ba [9ms]
2023-02-19 15:07:22.615 [info] > git cat-file -s 2fa5ecaf4a410793769449df1b5b8fd81c17be28 [3ms]
2023-02-19 15:07:22.636 [info] > git show --textconv :w3c/index.html [12ms]
2023-02-19 15:07:22.643 [info] > git show --textconv :w3c/bluestyle.css [8ms]
