[Info  - 10:35:40 PM] (1362) Pylance language server 2023.2.30 (pyright dec6aa20) starting
[Info  - 10:35:40 PM] (1362) Server root directory: /home/jane/.vscode/extensions/ms-python.vscode-pylance-2023.2.30/dist
[Info  - 10:35:40 PM] (1362) Starting service instance "jane"
[Info  - 10:35:40 PM] (1362) Starting service instance "<default>"
[Info  - 10:35:40 PM] (1362) No configuration file found.
[Info  - 10:35:40 PM] (1362) No pyproject.toml file found.
[Info  - 10:35:40 PM] (1362) Setting pythonPath for service "jane": "/bin/python3"
[Warn  - 10:35:40 PM] (1362) stubPath /home/jane/typings is not a valid directory.
[Info  - 10:35:40 PM] (1362) Assuming Python version 3.9
[Info  - 10:35:40 PM] (1362) Assuming Python platform Linux
[Info  - 10:35:40 PM] (1362) Searching for source files
[Info  - 10:35:40 PM] (1362) Found 40 source files
[Info  - 10:35:40 PM] (1362) No pyproject.toml file found.
[Info  - 10:35:40 PM] (1362) Setting pythonPath for service "<default>": "/bin/python3"
[Warn  - 10:35:40 PM] (1362) stubPath typings is not a valid directory.
[Info  - 10:35:40 PM] (1362) Assuming Python version 3.9
[Info  - 10:35:40 PM] (1362) Assuming Python platform Linux
[Info  - 10:35:41 PM] (1362) Searching for source files
[Info  - 10:35:41 PM] (1362) No source files found.
[Info  - 10:35:41 PM] (1362) Background analysis(1) root directory: /home/jane/.vscode/extensions/ms-python.vscode-pylance-2023.2.30/dist
[Info  - 10:35:41 PM] (1362) Background analysis(1) started
[Info  - 10:35:41 PM] (1362) Background analysis(2) root directory: /home/jane/.vscode/extensions/ms-python.vscode-pylance-2023.2.30/dist
[Info  - 10:35:41 PM] (1362) Background analysis(2) started
