2023-02-16 22:35:34.270 [info] Log level: Info
2023-02-16 22:35:34.270 [info] Validating found git in: "git"
2023-02-16 22:35:34.270 [info] Using git "2.30.2" from "git"
2023-02-16 22:35:34.271 [info] > git rev-parse --show-toplevel [122ms]
2023-02-16 22:35:34.271 [info] fatal: not a git repository (or any of the parent directories): .git
2023-02-16 22:35:34.271 [info] > git rev-parse --show-toplevel [213ms]
2023-02-16 22:35:34.271 [info] fatal: not a git repository (or any of the parent directories): .git
2023-02-16 22:35:34.271 [info] > git rev-parse --show-toplevel [24ms]
2023-02-16 22:35:34.271 [info] fatal: not a git repository (or any of the parent directories): .git
2023-02-16 22:35:34.271 [info] > git rev-parse --show-toplevel [26ms]
2023-02-16 22:35:34.271 [info] fatal: not a git repository (or any of the parent directories): .git
2023-02-16 22:35:34.271 [info] > git rev-parse --show-toplevel [45ms]
2023-02-16 22:35:34.271 [info] fatal: not a git repository (or any of the parent directories): .git
2023-02-16 22:35:34.271 [info] > git rev-parse --show-toplevel [96ms]
2023-02-16 22:35:34.271 [info] fatal: not a git repository (or any of the parent directories): .git
2023-02-16 22:35:34.271 [info] > git rev-parse --show-toplevel [46ms]
2023-02-16 22:35:34.271 [info] fatal: not a git repository (or any of the parent directories): .git
2023-02-16 22:35:34.271 [info] > git rev-parse --show-toplevel [29ms]
2023-02-16 22:35:34.271 [info] fatal: not a git repository (or any of the parent directories): .git
2023-02-16 22:35:34.271 [info] > git rev-parse --show-toplevel [10ms]
2023-02-16 22:35:34.271 [info] fatal: not a git repository (or any of the parent directories): .git
2023-02-16 22:35:34.271 [info] > git rev-parse --show-toplevel [36ms]
2023-02-16 22:35:34.271 [info] fatal: not a git repository (or any of the parent directories): .git
2023-02-16 22:35:34.271 [info] > git rev-parse --show-toplevel [12ms]
2023-02-16 22:35:34.271 [info] fatal: not a git repository (or any of the parent directories): .git
2023-02-16 22:35:34.271 [info] > git rev-parse --show-toplevel [49ms]
2023-02-16 22:35:34.271 [info] fatal: not a git repository (or any of the parent directories): .git
2023-02-16 22:35:34.271 [info] > git rev-parse --show-toplevel [16ms]
2023-02-16 22:35:34.271 [info] fatal: not a git repository (or any of the parent directories): .git
2023-02-16 22:35:34.271 [info] > git rev-parse --show-toplevel [142ms]
2023-02-16 22:35:34.271 [info] fatal: not a git repository (or any of the parent directories): .git
2023-02-16 22:35:34.741 [info] > git rev-parse --show-toplevel [5ms]
2023-02-16 22:35:34.741 [info] fatal: not a git repository (or any of the parent directories): .git
2023-02-16 22:37:17.809 [info] > git rev-parse --show-toplevel [21ms]
2023-02-16 22:37:17.809 [info] fatal: not a git repository (or any of the parent directories): .git
2023-02-16 22:40:10.252 [info] > git rev-parse --show-toplevel [4ms]
2023-02-16 22:40:10.253 [info] fatal: not a git repository (or any of the parent directories): .git
2023-02-16 22:40:42.684 [info] > git rev-parse --show-toplevel [2ms]
2023-02-16 22:40:42.684 [info] fatal: not a git repository (or any of the parent directories): .git
2023-02-16 22:40:42.695 [info] > git rev-parse --show-toplevel [1ms]
2023-02-16 22:40:42.695 [info] fatal: not a git repository (or any of the parent directories): .git
2023-02-16 22:41:11.483 [info] > git rev-parse --show-toplevel [3ms]
2023-02-16 22:41:11.483 [info] fatal: not a git repository (or any of the parent directories): .git
