2023-02-18 22:35:38.742 [info] Log level: Info
2023-02-18 22:35:38.742 [info] Validating found git in: "git"
2023-02-18 22:35:38.742 [info] Using git "2.30.2" from "git"
2023-02-18 22:35:38.742 [info] > git rev-parse --show-toplevel [66ms]
2023-02-18 22:35:38.742 [info] > git rev-parse --git-dir --git-common-dir [7ms]
2023-02-18 22:35:38.742 [info] Open repository: /home/jane
2023-02-18 22:35:38.742 [info] > git config --get commit.template [17ms]
2023-02-18 22:35:38.742 [info] > git rev-parse --show-toplevel [40ms]
2023-02-18 22:35:38.742 [info] > git rev-parse --show-toplevel [26ms]
2023-02-18 22:35:38.742 [info] > git rev-parse --show-toplevel [36ms]
2023-02-18 22:35:38.742 [info] > git for-each-ref --format=%(refname)%00%(upstream:short)%00%(objectname)%00%(upstream:track)%00%(upstream:remotename)%00%(upstream:remoteref) refs/heads/master refs/remotes/master [80ms]
2023-02-18 22:35:38.742 [info] > git rev-parse --show-toplevel [80ms]
2023-02-18 22:35:38.742 [info] > git rev-parse --show-toplevel [3ms]
2023-02-18 22:35:38.742 [info] > git for-each-ref --sort -committerdate --format %(refname) %(objectname) %(*objectname) [129ms]
2023-02-18 22:35:38.742 [info] > git rev-parse --show-toplevel [74ms]
2023-02-18 22:35:38.742 [info] > git rev-parse --show-toplevel [12ms]
2023-02-18 22:35:38.742 [info] > git rev-parse --show-toplevel [9ms]
2023-02-18 22:35:38.742 [info] > git rev-parse --show-toplevel [29ms]
2023-02-18 22:35:38.742 [info] > git rev-parse --show-toplevel [6ms]
2023-02-18 22:35:38.742 [info] > git rev-parse --git-dir --git-common-dir [33ms]
2023-02-18 22:35:38.742 [info] Open repository: /home/jane/folly
2023-02-18 22:35:38.742 [info] > git rev-parse --show-toplevel [37ms]
2023-02-18 22:35:38.742 [info] > git config --get commit.template [31ms]
2023-02-18 22:35:38.742 [info] > git rev-parse --show-toplevel [52ms]
2023-02-18 22:35:38.742 [info] > git for-each-ref --format=%(refname)%00%(upstream:short)%00%(objectname)%00%(upstream:track)%00%(upstream:remotename)%00%(upstream:remoteref) refs/heads/main refs/remotes/main [12ms]
2023-02-18 22:35:38.742 [info] > git for-each-ref --sort -committerdate --format %(refname) %(objectname) %(*objectname) [41ms]
2023-02-18 22:35:38.742 [info] > git status -z -uall [183ms]
2023-02-18 22:35:38.742 [info] > git status -z -uall [938ms] (cancelled)
2023-02-18 22:35:38.743 [info] > git config --get commit.template [47ms]
2023-02-18 22:35:38.743 [info] > git for-each-ref --format=%(refname)%00%(upstream:short)%00%(objectname)%00%(upstream:track)%00%(upstream:remotename)%00%(upstream:remoteref) refs/heads/main refs/remotes/main [62ms]
2023-02-18 22:35:38.743 [info] > git for-each-ref --sort -committerdate --format %(refname) %(objectname) %(*objectname) [99ms]
2023-02-18 22:35:38.743 [info] > git status -z -uall [192ms]
2023-02-18 22:35:38.743 [info] > git check-ignore -v -z --stdin [36ms]
2023-02-18 22:35:38.743 [info] > git check-ignore -v -z --stdin [13ms]
2023-02-18 22:37:21.086 [info] > git check-ignore -v -z --stdin [6ms]
2023-02-18 22:38:07.012 [info] > git check-ignore -v -z --stdin [4ms]
2023-02-18 22:41:22.720 [info] > git check-ignore -v -z --stdin [6ms]
2023-02-18 22:42:26.093 [info] > git check-ignore -v -z --stdin [1ms]
2023-02-18 22:42:26.140 [info] > git show --textconv :w3c exercise/index.html [2ms]
2023-02-18 22:42:26.165 [info] > git ls-files --stage -- /home/jane/w3c exercise/index.html [3ms]
2023-02-18 22:52:44.096 [info] > git check-ignore -v -z --stdin [4ms]
2023-02-18 22:52:48.383 [info] > git check-ignore -v -z --stdin [6ms]
2023-02-18 22:52:52.933 [info] > git check-ignore -v -z --stdin [2ms]
2023-02-18 22:53:15.950 [info] > git show --textconv :w3c/index.html [39ms]
2023-02-18 22:53:15.974 [info] > git ls-files --stage -- /home/jane/w3c/index.html [25ms]
2023-02-18 22:53:16.025 [info] > git cat-file -s fc9caaff78a1dc2a5d1af3ab1bfa3912d0502f25 [13ms]
2023-02-18 22:53:16.103 [info] > git check-ignore -v -z --stdin [33ms]
2023-02-18 22:53:19.467 [info] > git show --textconv :w3c/bluestyle.css [21ms]
2023-02-18 22:53:19.467 [info] > git ls-files --stage -- /home/jane/w3c/bluestyle.css [4ms]
2023-02-18 22:53:23.732 [info] > git ls-files --stage -- /home/jane/w3c/index.html [11ms]
2023-02-18 22:53:23.741 [info] > git ls-files --stage -- /home/jane/w3c exercise/index.html [34ms]
2023-02-18 22:53:23.744 [info] > git cat-file -s fc9caaff78a1dc2a5d1af3ab1bfa3912d0502f25 [4ms]
2023-02-18 22:53:23.745 [info] > git ls-files --stage -- /home/jane/w3c/bluestyle.css [17ms]
2023-02-18 22:53:23.795 [info] > git show --textconv :w3c exercise/index.html [27ms]
2023-02-18 22:53:23.795 [info] > git show --textconv :w3c/index.html [15ms]
2023-02-18 22:53:23.795 [info] > git show --textconv :w3c/bluestyle.css [2ms]
2023-02-18 22:55:30.296 [info] > git ls-files --stage -- /home/jane/w3c/index.html [16ms]
2023-02-18 22:55:30.305 [info] > git ls-files --stage -- /home/jane/w3c exercise/index.html [47ms]
2023-02-18 22:55:30.311 [info] > git cat-file -s 1d61be6abc484219c6770fee5642fb75a35288ba [7ms]
2023-02-18 22:55:30.312 [info] > git ls-files --stage -- /home/jane/w3c/bluestyle.css [18ms]
2023-02-18 22:55:30.332 [info] > git cat-file -s 2fa5ecaf4a410793769449df1b5b8fd81c17be28 [12ms]
2023-02-18 22:55:30.346 [info] > git show --textconv :w3c exercise/index.html [15ms]
2023-02-18 22:55:30.360 [info] > git show --textconv :w3c/index.html [16ms]
2023-02-18 22:55:30.366 [info] > git show --textconv :w3c/bluestyle.css [8ms]
2023-02-18 22:56:16.670 [info] > git config --get commit.template [2ms]
2023-02-18 22:56:16.684 [info] > git for-each-ref --format=%(refname)%00%(upstream:short)%00%(objectname)%00%(upstream:track)%00%(upstream:remotename)%00%(upstream:remoteref) refs/heads/main refs/remotes/main [3ms]
2023-02-18 22:56:16.731 [info] > git for-each-ref --sort -committerdate --format %(refname) %(objectname) %(*objectname) [7ms]
2023-02-18 22:56:16.739 [info] > git status -z -uall [41ms]
2023-02-18 22:58:13.924 [info] > git ls-files --stage -- /home/jane/w3c/index.html [11ms]
2023-02-18 22:58:13.933 [info] > git ls-files --stage -- /home/jane/w3c exercise/index.html [30ms]
2023-02-18 22:58:13.938 [info] > git cat-file -s 1d61be6abc484219c6770fee5642fb75a35288ba [5ms]
2023-02-18 22:58:13.939 [info] > git ls-files --stage -- /home/jane/w3c/bluestyle.css [17ms]
2023-02-18 22:58:13.969 [info] > git show --textconv :w3c exercise/index.html [12ms]
2023-02-18 22:58:13.972 [info] > git cat-file -s 2fa5ecaf4a410793769449df1b5b8fd81c17be28 [25ms]
2023-02-18 22:58:13.979 [info] > git show --textconv :w3c/index.html [11ms]
2023-02-18 22:58:13.998 [info] > git show --textconv :w3c/bluestyle.css [7ms]
2023-02-18 23:00:41.560 [info] > git ls-files --stage -- /home/jane/w3c/index.html [13ms]
2023-02-18 23:00:41.568 [info] > git ls-files --stage -- /home/jane/w3c exercise/index.html [28ms]
2023-02-18 23:00:41.571 [info] > git cat-file -s 1d61be6abc484219c6770fee5642fb75a35288ba [4ms]
2023-02-18 23:00:41.572 [info] > git ls-files --stage -- /home/jane/w3c/bluestyle.css [14ms]
2023-02-18 23:00:41.600 [info] > git show --textconv :w3c exercise/index.html [10ms]
2023-02-18 23:00:41.602 [info] > git cat-file -s 2fa5ecaf4a410793769449df1b5b8fd81c17be28 [22ms]
2023-02-18 23:00:41.607 [info] > git show --textconv :w3c/index.html [9ms]
2023-02-18 23:00:41.623 [info] > git show --textconv :w3c/bluestyle.css [7ms]
