2023-02-18 01:02:38.931 [info] Log level: Info
2023-02-18 01:02:38.931 [info] Validating found git in: "git"
2023-02-18 01:02:38.931 [info] Using git "2.30.2" from "git"
2023-02-18 01:02:38.931 [info] > git rev-parse --show-toplevel [79ms]
2023-02-18 01:02:38.931 [info] fatal: not a git repository (or any of the parent directories): .git
2023-02-18 01:02:38.931 [info] > git rev-parse --show-toplevel [81ms]
2023-02-18 01:02:38.931 [info] fatal: not a git repository (or any of the parent directories): .git
2023-02-18 01:02:38.931 [info] > git rev-parse --show-toplevel [133ms]
2023-02-18 01:02:38.931 [info] fatal: not a git repository (or any of the parent directories): .git
2023-02-18 01:02:38.931 [info] > git rev-parse --show-toplevel [130ms]
2023-02-18 01:02:38.931 [info] fatal: not a git repository (or any of the parent directories): .git
2023-02-18 01:02:38.931 [info] > git rev-parse --show-toplevel [86ms]
2023-02-18 01:02:38.931 [info] fatal: not a git repository (or any of the parent directories): .git
2023-02-18 01:02:38.931 [info] > git rev-parse --show-toplevel [4ms]
2023-02-18 01:02:38.931 [info] fatal: not a git repository (or any of the parent directories): .git
2023-02-18 01:02:38.931 [info] > git rev-parse --show-toplevel [76ms]
2023-02-18 01:02:38.931 [info] fatal: not a git repository (or any of the parent directories): .git
2023-02-18 01:02:38.931 [info] > git rev-parse --show-toplevel [4ms]
2023-02-18 01:02:38.931 [info] fatal: not a git repository (or any of the parent directories): .git
2023-02-18 01:02:38.931 [info] > git rev-parse --show-toplevel [15ms]
2023-02-18 01:02:38.931 [info] fatal: not a git repository (or any of the parent directories): .git
2023-02-18 01:02:38.931 [info] > git rev-parse --show-toplevel [25ms]
2023-02-18 01:02:38.931 [info] fatal: not a git repository (or any of the parent directories): .git
2023-02-18 01:02:38.931 [info] > git rev-parse --show-toplevel [10ms]
2023-02-18 01:02:38.931 [info] fatal: not a git repository (or any of the parent directories): .git
2023-02-18 01:02:38.931 [info] > git rev-parse --show-toplevel [8ms]
2023-02-18 01:02:38.931 [info] fatal: not a git repository (or any of the parent directories): .git
2023-02-18 01:02:38.931 [info] > git rev-parse --show-toplevel [25ms]
2023-02-18 01:02:38.931 [info] fatal: not a git repository (or any of the parent directories): .git
2023-02-18 01:02:38.931 [info] > git rev-parse --show-toplevel [10ms]
2023-02-18 01:02:38.931 [info] fatal: not a git repository (or any of the parent directories): .git
2023-02-18 01:02:40.043 [info] > git rev-parse --show-toplevel [6ms]
2023-02-18 01:02:40.043 [info] fatal: not a git repository (or any of the parent directories): .git
2023-02-18 01:02:41.006 [info] > git rev-parse --show-toplevel [4ms]
2023-02-18 01:02:41.007 [info] fatal: not a git repository (or any of the parent directories): .git
