2023-02-18 00:54:16.712 [info] Added views:workbench.panel.markers.view in workbench.panel.markers
2023-02-18 00:54:16.712 [info] Added views:workbench.panel.output in workbench.panel.output
2023-02-18 00:54:16.712 [info] Added views:terminal in terminal
2023-02-18 00:54:16.712 [info] Added views:outline in workbench.view.explorer
2023-02-18 00:54:16.712 [info] Added views:workbench.scm in workbench.view.scm
2023-02-18 00:54:16.712 [info] Added views:workbench.view.search in workbench.view.search
2023-02-18 00:54:16.712 [info] Added views:timeline in workbench.view.explorer
2023-02-18 00:54:16.712 [info] Added views:workbench.explorer.fileView in workbench.view.explorer
2023-02-18 00:54:17.141 [info] Added views:workbench.debug.welcome in workbench.view.debug
2023-02-18 00:54:17.545 [info] Added views:blackbox-onboarding in workbench.view.extension.blackbox
2023-02-18 00:54:17.547 [info] Added views:gitlens.views.home in workbench.view.extension.gitlens
2023-02-18 00:54:17.551 [info] Added views:gitlens.views.commits,gitlens.views.commitDetails,gitlens.views.fileHistory,gitlens.views.branches,gitlens.views.remotes,gitlens.views.stashes,gitlens.views.tags,gitlens.views.searchAndCompare in workbench.view.scm
2023-02-18 00:54:17.561 [info] Added views:cell-tag in workbench.view.extension.jupyter
2023-02-18 00:54:18.380 [info] Added views:workbench.panel.repl.view in workbench.panel.repl
2023-02-18 00:54:19.926 [info] Added views:workbench.view.testing in workbench.view.extension.test
2023-02-18 00:54:21.655 [info] Removed views:gitlens.views.searchAndCompare,gitlens.views.tags,gitlens.views.stashes,gitlens.views.remotes,gitlens.views.branches,gitlens.views.fileHistory,gitlens.views.commitDetails,gitlens.views.commits from workbench.view.scm
2023-02-18 00:59:43.098 [info] Added views:workbench.views.extensions.installed,workbench.views.extensions.popular,extensions.recommendedList in workbench.view.extensions
2023-02-18 00:59:43.105 [info] Removed views:workbench.views.extensions.popular from workbench.view.extensions
2023-02-18 01:00:03.508 [info] Removed views:workbench.view.testing from workbench.view.extension.test
2023-02-18 01:00:04.792 [info] Added views:workbench.panel.markers.view in workbench.panel.markers
2023-02-18 01:00:04.792 [info] Added views:workbench.panel.output in workbench.panel.output
2023-02-18 01:00:04.792 [info] Added views:terminal in terminal
2023-02-18 01:00:04.792 [info] Added views:outline in workbench.view.explorer
2023-02-18 01:00:04.792 [info] Added views:workbench.scm in workbench.view.scm
2023-02-18 01:00:04.792 [info] Added views:workbench.view.search in workbench.view.search
2023-02-18 01:00:04.792 [info] Added views:timeline in workbench.view.explorer
2023-02-18 01:00:04.792 [info] Added views:workbench.explorer.fileView in workbench.view.explorer
2023-02-18 01:00:04.998 [info] Added views:workbench.debug.welcome in workbench.view.debug
2023-02-18 01:00:05.671 [info] Added views:blackbox-onboarding in workbench.view.extension.blackbox
2023-02-18 01:00:05.673 [info] Added views:cell-tag in workbench.view.extension.jupyter
2023-02-18 01:00:06.267 [info] Added views:workbench.panel.repl.view in workbench.panel.repl
2023-02-18 01:00:07.691 [info] Added views:workbench.view.testing in workbench.view.extension.test
2023-02-18 01:00:10.719 [info] Added views:workbench.views.extensions.installed,extensions.recommendedList in workbench.view.extensions
2023-02-18 01:01:43.946 [info] Removed views:workbench.view.testing from workbench.view.extension.test
