Visual Studio Code (1.75.1, undefined, desktop)
Jupyter Extension Version: 2023.1.2010391206.
Python Extension Version: 2023.2.0.
Workspace folder /home/jane
User belongs to experiment group 'jupyterTestcf'
User belongs to experiment group 'jupyterEnhancedDataViewer'
info 22:12:41.995: LSP Notebooks experiment is enabled
info 22:12:42.200: Find preferred kernel for /home/jane/w3c exercise/Untitled.ipynb with metadata {"kernelspec":{"display_name":"Python 3 (ipykernel)","language":"python","name":"python3"},"language_info":{"codemirror_mode":{"name":"ipython","version":3},"file_extension":".py","mimetype":"text/x-python","name":"python","nbconvert_exporter":"python","pygments_lexer":"ipython3","version":"3.9.2"}} & preferred interpreter /bin/python3
info 22:12:42.204: Find preferred kernel for /home/jane/w3c exercise/Untitled.ipynb with metadata {"kernelspec":{"display_name":"Python 3 (ipykernel)","language":"python","name":"python3"},"language_info":{"codemirror_mode":{"name":"ipython","version":3},"file_extension":".py","mimetype":"text/x-python","name":"python","nbconvert_exporter":"python","pygments_lexer":"ipython3","version":"3.9.2"}} & preferred interpreter /bin/python3
info 22:12:42.280: Find preferred kernel for /home/jane/w3c exercise/Untitled.ipynb with metadata {"kernelspec":{"display_name":"Python 3 (ipykernel)","language":"python","name":"python3"},"language_info":{"codemirror_mode":{"name":"ipython","version":3},"file_extension":".py","mimetype":"text/x-python","name":"python","nbconvert_exporter":"python","pygments_lexer":"ipython3","version":"3.9.2"}} & preferred interpreter /bin/python3
info 22:12:42.379: Find preferred kernel for /home/jane/w3c exercise/Untitled.ipynb with metadata {"kernelspec":{"display_name":"Python 3 (ipykernel)","language":"python","name":"python3"},"language_info":{"codemirror_mode":{"name":"ipython","version":3},"file_extension":".py","mimetype":"text/x-python","name":"python","nbconvert_exporter":"python","pygments_lexer":"ipython3","version":"3.9.2"}} & preferred interpreter /bin/python3
info 22:12:42.954: Preferred kernel .jvsc74a57bd0916dbcbb3f70747c44a77c7bcd40155683ae19c65e1c03b4aa3499c5328201f1./bin/python3./bin/python3.-m#ipykernel_launcher is exact match or top match for non python kernels, (true, [object Object], false, false)
info 22:12:42.964: PreferredConnection: .jvsc74a57bd0916dbcbb3f70747c44a77c7bcd40155683ae19c65e1c03b4aa3499c5328201f1./bin/python3./bin/python3.-m#ipykernel_launcher found for NotebookDocument: /home/jane/w3c exercise/Untitled.ipynb
info 22:12:43.032: Find preferred kernel for /home/jane/w3c exercise/Untitled.ipynb with metadata {"kernelspec":{"display_name":"Python 3 (ipykernel)","language":"python","name":"python3"},"language_info":{"codemirror_mode":{"name":"ipython","version":3},"file_extension":".py","mimetype":"text/x-python","name":"python","nbconvert_exporter":"python","pygments_lexer":"ipython3","version":"3.9.2"}} & preferred interpreter /bin/python3
info 22:12:43.039: Preferred kernel .jvsc74a57bd0916dbcbb3f70747c44a77c7bcd40155683ae19c65e1c03b4aa3499c5328201f1./bin/python3./bin/python3.-m#ipykernel_launcher is exact match or top match for non python kernels, (false, [object Object], false, false)
info 22:12:43.039: PreferredConnection: .jvsc74a57bd0916dbcbb3f70747c44a77c7bcd40155683ae19c65e1c03b4aa3499c5328201f1./bin/python3./bin/python3.-m#ipykernel_launcher found for NotebookDocument: /home/jane/w3c exercise/Untitled.ipynb
info 22:12:44.106: Process Execution: > /bin/python3 -m pip list
> /bin/python3 -m pip list
info 22:17:59.232: Shutting down notebooks for b257cfb2-de7c-46af-899d-f5b4dc8fda78
info 22:17:59.232: Disposing HostJupyterExecution ed76d349-62b2-49cb-b75c-8bbbb352fcc6
info 22:17:59.234: Disposing HostJupyterExecution ed76d349-62b2-49cb-b75c-8bbbb352fcc6
