Name: isort
Module: isort
Python extension loading
Waiting for interpreter from python extension.
Python extension loaded
CWD Server: /home/jane
sys.path used to run Server:
   /home/jane/.vscode/extensions/ms-python.isort-2022.8.0/bundled/libs
   /home/jane/.vscode/extensions/ms-python.isort-2022.8.0/bundled/tool
   /usr/lib/python39.zip
   /usr/lib/python3.9
   /usr/lib/python3.9/lib-dynload
   /home/jane/.local/lib/python3.9/site-packages
   /usr/local/lib/python3.9/dist-packages
   /usr/lib/python3/dist-packages
Settings used to run Server:
[
    {
        "check": false,
        "workspace": "file:///home/jane",
        "logLevel": "error",
        "args": [],
        "severity": {
            "W": "Warning",
            "E": "Hint"
        },
        "path": [],
        "interpreter": [
            "/bin/python3"
        ],
        "importStrategy": "useBundled",
        "showNotifications": "off"
    }
]

/bin/python3 -m isort --version-number
CWD Linter: /home/jane
Version info for isort running for /home/jane:
5.10.1

SUPPORTED isort>=5.10.1
FOUND isort==5.10.1

